This is pdfTeX, Version 3.14159265-2.6-1.40.20 (MiKTeX 2.9.7000 64-bit) (preloaded format=latex 2019.3.25)  26 MAR 2019 00:49
entering extended mode
**./Abgabe_Version.tex
(Abgabe_Version.tex
LaTeX2e <2018-12-01>
(S:\Programming\LaTeX\MiKTeX\tex/latex/koma-script\scrartcl.cls
Document Class: scrartcl 2019/02/01 v3.26b KOMA-Script document class (article)

(S:\Programming\LaTeX\MiKTeX\tex/latex/koma-script\scrkbase.sty
Package: scrkbase 2019/02/01 v3.26b KOMA-Script package (KOMA-Script-dependent 
basics and keyval usage)

(S:\Programming\LaTeX\MiKTeX\tex/latex/koma-script\scrbase.sty
Package: scrbase 2019/02/01 v3.26b KOMA-Script package (KOMA-Script-independent
 basics and keyval usage)

(S:\Programming\LaTeX\MiKTeX\tex/latex/graphics\keyval.sty
Package: keyval 2014/10/28 v1.15 key=value parser (DPC)
\KV@toks@=\toks14
)
(S:\Programming\LaTeX\MiKTeX\tex/latex/koma-script\scrlfile.sty
Package: scrlfile 2019/02/01 v3.26b KOMA-Script package (loading files)
)))
(S:\Programming\LaTeX\MiKTeX\tex/latex/koma-script\tocbasic.sty
Package: tocbasic 2019/02/01 v3.26b KOMA-Script package (handling toc-files)
\scr@dte@tocline@numberwidth=\skip41
\scr@dte@tocline@numbox=\box27
)
Package tocbasic Info: omitting babel extension for `toc'
(tocbasic)             because of feature `nobabel' available
(tocbasic)             for `toc' on input line 134.
Class scrartcl Info: File `scrsize11pt.clo' used instead of
(scrartcl)           file `scrsize11.clo' to setup font sizes on input line 216
2.

(S:\Programming\LaTeX\MiKTeX\tex/latex/koma-script\scrsize11pt.clo
File: scrsize11pt.clo 2019/02/01 v3.26b KOMA-Script font size class option (11p
t)
)
(S:\Programming\LaTeX\MiKTeX\tex/latex/koma-script\typearea.sty
Package: typearea 2019/02/01 v3.26b KOMA-Script package (type area)
\ta@bcor=\skip42
\ta@div=\count80
\ta@hblk=\skip43
\ta@vblk=\skip44
\ta@temp=\skip45
\footheight=\skip46
Package typearea Info: These are the values describing the layout:
(typearea)             DIV  = 10
(typearea)             BCOR = 0.0pt
(typearea)             \paperwidth      = 597.50793pt
(typearea)              \textwidth      = 418.25555pt
(typearea)              DIV departure   = -6%
(typearea)              \evensidemargin = 17.3562pt
(typearea)              \oddsidemargin  = 17.3562pt
(typearea)             \paperheight     = 845.04694pt
(typearea)              \textheight     = 595.80026pt
(typearea)              \topmargin      = -25.16531pt
(typearea)              \headheight     = 17.0pt
(typearea)              \headsep        = 20.40001pt
(typearea)              \topskip        = 11.0pt
(typearea)              \footskip       = 47.6pt
(typearea)              \baselineskip   = 13.6pt
(typearea)              on input line 1715.
)
\c@part=\count81
\c@section=\count82
\c@subsection=\count83
\c@subsubsection=\count84
\c@paragraph=\count85
\c@subparagraph=\count86
\scr@dte@section@maxnumwidth=\skip47
Class scrartcl Info: using compatibility default `runin=bysign'
(scrartcl)           for `\section on input line 4489.
Class scrartcl Info: using compatibility default `afterindent=bysign'
(scrartcl)           for `\section on input line 4489.
\scr@dte@part@maxnumwidth=\skip48
Class scrartcl Info: using compatibility default `afterindent=false'
(scrartcl)           for `\part on input line 4497.
\scr@dte@subsection@maxnumwidth=\skip49
Class scrartcl Info: using compatibility default `runin=bysign'
(scrartcl)           for `\subsection on input line 4507.
Class scrartcl Info: using compatibility default `afterindent=bysign'
(scrartcl)           for `\subsection on input line 4507.
\scr@dte@subsubsection@maxnumwidth=\skip50
Class scrartcl Info: using compatibility default `runin=bysign'
(scrartcl)           for `\subsubsection on input line 4517.
Class scrartcl Info: using compatibility default `afterindent=bysign'
(scrartcl)           for `\subsubsection on input line 4517.
\scr@dte@paragraph@maxnumwidth=\skip51
Class scrartcl Info: using compatibility default `runin=bysign'
(scrartcl)           for `\paragraph on input line 4527.
Class scrartcl Info: using compatibility default `afterindent=bysign'
(scrartcl)           for `\paragraph on input line 4527.
\scr@dte@subparagraph@maxnumwidth=\skip52
Class scrartcl Info: using compatibility default `runin=bysign'
(scrartcl)           for `\subparagraph on input line 4537.
Class scrartcl Info: using compatibility default `afterindent=bysign'
(scrartcl)           for `\subparagraph on input line 4537.
\abovecaptionskip=\skip53
\belowcaptionskip=\skip54
\c@pti@nb@sid@b@x=\box28
Package tocbasic Info: omitting babel extension for `lof'
(tocbasic)             because of feature `nobabel' available
(tocbasic)             for `lof' on input line 5781.
\scr@dte@figure@maxnumwidth=\skip55
\c@figure=\count87
Package tocbasic Info: omitting babel extension for `lot'
(tocbasic)             because of feature `nobabel' available
(tocbasic)             for `lot' on input line 5793.
\scr@dte@table@maxnumwidth=\skip56
\c@table=\count88
Class scrartcl Info: Redefining `\numberline' on input line 5957.
\bibindent=\dimen102
)
(S:\Programming\LaTeX\MiKTeX\tex/latex/base\inputenc.sty
Package: inputenc 2018/08/11 v1.3c Input encoding file
\inpenc@prehook=\toks15
\inpenc@posthook=\toks16
)
(S:\Programming\LaTeX\MiKTeX\tex/generic/babel\babel.sty
Package: babel 2018/11/13 3.27 The Babel package

(S:\Programming\LaTeX\MiKTeX\tex/generic/babel\switch.def
File: switch.def 2018/11/13 3.27 Babel switching mechanism
)
*************************************
* Local config file bblopts.cfg used
*
(S:\Programming\LaTeX\MiKTeX\tex/latex/arabi\bblopts.cfg
File: bblopts.cfg 2005/09/08 v0.1 add Arabic and Farsi to "declared" options of
 babel
)
(S:\Programming\LaTeX\MiKTeX\tex/latex/babel-german\ngerman.ldf
Language: ngerman 2018/12/08 v2.11 German support for babel (post-1996 orthogra
phy)

(S:\Programming\LaTeX\MiKTeX\tex/latex/babel-german\ngermanb.ldf
Language: ngermanb 2018/12/08 v2.11 German support for babel (post-1996 orthogr
aphy)

(S:\Programming\LaTeX\MiKTeX\tex/generic/babel\babel.def
File: babel.def 2018/11/13 3.27 Babel common definitions
\babel@savecnt=\count89
\U@D=\dimen103

(S:\Programming\LaTeX\MiKTeX\tex/generic/babel\txtbabel.def)
\bbl@dirlevel=\count90
)
Package babel Info: Making " an active character on input line 121.
)))
(S:\Programming\LaTeX\MiKTeX\tex/latex/base\fontenc.sty
Package: fontenc 2018/08/11 v2.0j Standard LaTeX package

(S:\Programming\LaTeX\MiKTeX\tex/latex/base\t1enc.def
File: t1enc.def 2018/08/11 v2.0j Standard LaTeX file
LaTeX Font Info:    Redeclaring font encoding T1 on input line 48.
))
(S:\Programming\LaTeX\MiKTeX\tex/latex/ms\ragged2e.sty
Package: ragged2e 2009/05/21 v2.1 ragged2e Package (MS)

(S:\Programming\LaTeX\MiKTeX\tex/latex/ms\everysel.sty
Package: everysel 2011/10/28 v1.2 EverySelectfont Package (MS)
)
\CenteringLeftskip=\skip57
\RaggedLeftLeftskip=\skip58
\RaggedRightLeftskip=\skip59
\CenteringRightskip=\skip60
\RaggedLeftRightskip=\skip61
\RaggedRightRightskip=\skip62
\CenteringParfillskip=\skip63
\RaggedLeftParfillskip=\skip64
\RaggedRightParfillskip=\skip65
\JustifyingParfillskip=\skip66
\CenteringParindent=\skip67
\RaggedLeftParindent=\skip68
\RaggedRightParindent=\skip69
\JustifyingParindent=\skip70
)
(S:\Programming\LaTeX\MiKTeX\tex/latex/amsmath\amsmath.sty
Package: amsmath 2018/12/01 v2.17b AMS math features
\@mathmargin=\skip71

For additional information on amsmath, use the `?' option.
(S:\Programming\LaTeX\MiKTeX\tex/latex/amsmath\amstext.sty
Package: amstext 2000/06/29 v2.01 AMS text

(S:\Programming\LaTeX\MiKTeX\tex/latex/amsmath\amsgen.sty
File: amsgen.sty 1999/11/30 v2.0 generic functions
\@emptytoks=\toks17
\ex@=\dimen104
))
(S:\Programming\LaTeX\MiKTeX\tex/latex/amsmath\amsbsy.sty
Package: amsbsy 1999/11/29 v1.2d Bold Symbols
\pmbraise@=\dimen105
)
(S:\Programming\LaTeX\MiKTeX\tex/latex/amsmath\amsopn.sty
Package: amsopn 2016/03/08 v2.02 operator names
)
\inf@bad=\count91
LaTeX Info: Redefining \frac on input line 223.
\uproot@=\count92
\leftroot@=\count93
LaTeX Info: Redefining \overline on input line 385.
\classnum@=\count94
\DOTSCASE@=\count95
LaTeX Info: Redefining \ldots on input line 482.
LaTeX Info: Redefining \dots on input line 485.
LaTeX Info: Redefining \cdots on input line 606.
\Mathstrutbox@=\box29
\strutbox@=\box30
\big@size=\dimen106
LaTeX Font Info:    Redeclaring font encoding OML on input line 729.
LaTeX Font Info:    Redeclaring font encoding OMS on input line 730.
\macc@depth=\count96
\c@MaxMatrixCols=\count97
\dotsspace@=\muskip10
\c@parentequation=\count98
\dspbrk@lvl=\count99
\tag@help=\toks18
\row@=\count100
\column@=\count101
\maxfields@=\count102
\andhelp@=\toks19
\eqnshift@=\dimen107
\alignsep@=\dimen108
\tagshift@=\dimen109
\tagwidth@=\dimen110
\totwidth@=\dimen111
\lineht@=\dimen112
\@envbody=\toks20
\multlinegap=\skip72
\multlinetaggap=\skip73
\mathdisplay@stack=\toks21
LaTeX Info: Redefining \[ on input line 2844.
LaTeX Info: Redefining \] on input line 2845.
)
(S:\Programming\LaTeX\MiKTeX\tex/latex/amsfonts\amsfonts.sty
Package: amsfonts 2013/01/14 v3.01 Basic AMSFonts support
\symAMSa=\mathgroup4
\symAMSb=\mathgroup5
LaTeX Font Info:    Overwriting math alphabet `\mathfrak' in version `bold'
(Font)                  U/euf/m/n --> U/euf/b/n on input line 106.
)
(S:\Programming\LaTeX\MiKTeX\tex/latex/amsfonts\amssymb.sty
Package: amssymb 2013/01/14 v3.01 AMS font symbols
)
(S:\Programming\LaTeX\MiKTeX\tex/latex/amscls\amsthm.sty
Package: amsthm 2017/10/31 v2.20.4
\thm@style=\toks22
\thm@bodyfont=\toks23
\thm@headfont=\toks24
\thm@notefont=\toks25
\thm@headpunct=\toks26
\thm@preskip=\skip74
\thm@postskip=\skip75
\thm@headsep=\skip76
\dth@everypar=\toks27
)
(S:\Programming\LaTeX\MiKTeX\tex/latex/endnotes\endnotes.sty
\c@endnote=\count103
\endnotesep=\dimen113
\@enotes=\write3
)
(S:\Programming\LaTeX\MiKTeX\tex/latex/hyperref\hyperref.sty
Package: hyperref 2018/11/30 v6.88e Hypertext links for LaTeX

(S:\Programming\LaTeX\MiKTeX\tex/generic/oberdiek\hobsub-hyperref.sty
Package: hobsub-hyperref 2016/05/16 v1.14 Bundle oberdiek, subset hyperref (HO)


(S:\Programming\LaTeX\MiKTeX\tex/generic/oberdiek\hobsub-generic.sty
Package: hobsub-generic 2016/05/16 v1.14 Bundle oberdiek, subset generic (HO)
Package: hobsub 2016/05/16 v1.14 Construct package bundles (HO)
Package: infwarerr 2016/05/16 v1.4 Providing info/warning/error messages (HO)
Package: ltxcmds 2016/05/16 v1.23 LaTeX kernel commands for general use (HO)
Package: ifluatex 2016/05/16 v1.4 Provides the ifluatex switch (HO)
Package ifluatex Info: LuaTeX not detected.
Package: ifvtex 2016/05/16 v1.6 Detect VTeX and its facilities (HO)
Package ifvtex Info: VTeX not detected.
Package: intcalc 2016/05/16 v1.2 Expandable calculations with integers (HO)
Package: ifpdf 2018/09/07 v3.3 Provides the ifpdf switch
Package: etexcmds 2016/05/16 v1.6 Avoid name clashes with e-TeX commands (HO)
Package: kvsetkeys 2016/05/16 v1.17 Key value parser (HO)
Package: kvdefinekeys 2016/05/16 v1.4 Define keys (HO)
Package: pdftexcmds 2018/09/10 v0.29 Utility functions of pdfTeX for LuaTeX (HO
)
Package pdftexcmds Info: LuaTeX not detected.
Package pdftexcmds Info: \pdf@primitive is available.
Package pdftexcmds Info: \pdf@ifprimitive is available.
Package pdftexcmds Info: \pdfdraftmode is ignored in DVI mode.
Package: pdfescape 2016/05/16 v1.14 Implements pdfTeX's escape features (HO)
Package: bigintcalc 2016/05/16 v1.4 Expandable calculations on big integers (HO
)
Package: bitset 2016/05/16 v1.2 Handle bit-vector datatype (HO)
Package: uniquecounter 2016/05/16 v1.3 Provide unlimited unique counter (HO)
)
Package hobsub Info: Skipping package `hobsub' (already loaded).
Package: letltxmacro 2016/05/16 v1.5 Let assignment for LaTeX macros (HO)
Package: hopatch 2016/05/16 v1.3 Wrapper for package hooks (HO)
Package: xcolor-patch 2016/05/16 xcolor patch
Package: atveryend 2016/05/16 v1.9 Hooks at the very end of document (HO)
Package atveryend Info: \enddocument detected (standard20110627).
Package: atbegshi 2016/06/09 v1.18 At begin shipout hook (HO)
Package: refcount 2016/05/16 v3.5 Data extraction from label references (HO)
Package: hycolor 2016/05/16 v1.8 Color options for hyperref/bookmark (HO)
)
(S:\Programming\LaTeX\MiKTeX\tex/generic/ifxetex\ifxetex.sty
Package: ifxetex 2010/09/12 v0.6 Provides ifxetex conditional
)
(S:\Programming\LaTeX\MiKTeX\tex/latex/oberdiek\auxhook.sty
Package: auxhook 2016/05/16 v1.4 Hooks for auxiliary files (HO)
)
(S:\Programming\LaTeX\MiKTeX\tex/latex/oberdiek\kvoptions.sty
Package: kvoptions 2016/05/16 v3.12 Key value format for package options (HO)
)
\@linkdim=\dimen114
\Hy@linkcounter=\count104
\Hy@pagecounter=\count105

(S:\Programming\LaTeX\MiKTeX\tex/latex/hyperref\pd1enc.def
File: pd1enc.def 2018/11/30 v6.88e Hyperref: PDFDocEncoding definition (HO)
Now handling font encoding PD1 ...
... no UTF-8 mapping file for font encoding PD1
)
\Hy@SavedSpaceFactor=\count106

(S:\Programming\LaTeX\MiKTeX\tex/latex/00miktex\hyperref.cfg
File: hyperref.cfg 2002/06/06 v1.2 hyperref configuration of TeXLive
)
Package hyperref Info: Hyper figures OFF on input line 4519.
Package hyperref Info: Link nesting OFF on input line 4524.
Package hyperref Info: Hyper index ON on input line 4527.
Package hyperref Info: Plain pages OFF on input line 4534.
Package hyperref Info: Backreferencing OFF on input line 4539.
Package hyperref Info: Implicit mode ON; LaTeX internals redefined.
Package hyperref Info: Bookmarks ON on input line 4772.
\c@Hy@tempcnt=\count107

(S:\Programming\LaTeX\MiKTeX\tex/latex/url\url.sty
\Urlmuskip=\muskip11
Package: url 2013/09/16  ver 3.4  Verb mode for urls, etc.
)
LaTeX Info: Redefining \url on input line 5125.
\XeTeXLinkMargin=\dimen115
\Fld@menulength=\count108
\Field@Width=\dimen116
\Fld@charsize=\dimen117
Package hyperref Info: Hyper figures OFF on input line 6380.
Package hyperref Info: Link nesting OFF on input line 6385.
Package hyperref Info: Hyper index ON on input line 6388.
Package hyperref Info: backreferencing OFF on input line 6395.
Package hyperref Info: Link coloring OFF on input line 6400.
Package hyperref Info: Link coloring with OCG OFF on input line 6405.
Package hyperref Info: PDF/A mode OFF on input line 6410.
LaTeX Info: Redefining \ref on input line 6450.
LaTeX Info: Redefining \pageref on input line 6454.
\Hy@abspage=\count109
\c@Item=\count110
\c@Hfootnote=\count111
)
Package hyperref Info: Driver (default): hdvips.

(S:\Programming\LaTeX\MiKTeX\tex/latex/hyperref\hdvips.def
File: hdvips.def 2018/11/30 v6.88e Hyperref driver for dvips

(S:\Programming\LaTeX\MiKTeX\tex/latex/hyperref\pdfmark.def
File: pdfmark.def 2018/11/30 v6.88e Hyperref definitions for pdfmark specials
\pdf@docset=\toks28
\pdf@box=\box31
\pdf@toks=\toks29
\pdf@defaulttoks=\toks30
\HyField@AnnotCount=\count112
\Fld@listcount=\count113
\c@bookmark@seq@number=\count114

(S:\Programming\LaTeX\MiKTeX\tex/latex/oberdiek\rerunfilecheck.sty
Package: rerunfilecheck 2016/05/16 v1.8 Rerun checks for auxiliary files (HO)
Package uniquecounter Info: New unique counter `rerunfilecheck' on input line 2
82.
)
\Hy@SectionHShift=\skip77
))
(S:\Programming\LaTeX\MiKTeX\tex/latex/blindtext\blindtext.sty
Package: blindtext 2012/01/06 V2.0 blindtext-Package

(S:\Programming\LaTeX\MiKTeX\tex/latex/tools\xspace.sty
Package: xspace 2014/10/28 v1.13 Space after command names (DPC,MH)
)
\c@blindtext=\count115
\c@Blindtext=\count116
\c@blind@countparstart=\count117
\blind@countxx=\count118
\blindtext@numBlindtext=\count119
\blind@countyy=\count120
\c@blindlist=\count121
\c@blindlistlevel=\count122
\c@blindlist@level=\count123
\blind@listitem=\count124
\c@blind@listcount=\count125
\c@blind@levelcount=\count126
\blind@mathformula=\count127
\blind@Mathformula=\count128
\c@blind@randomcount=\count129
\c@blind@randommax=\count130
\c@blind@pangramcount=\count131
\c@blind@pangrammax=\count132
)
(S:\Programming\LaTeX\MiKTeX\tex/latex/lipsum\lipsum.sty
(S:\Programming\LaTeX\MiKTeX\tex/latex/l3kernel\expl3.sty
Package: expl3 2019-03-05 L3 programming layer (loader) 

(S:\Programming\LaTeX\MiKTeX\tex/latex/l3kernel\expl3-code.tex
Package: expl3 2019-03-05 L3 programming layer (code)
\c_max_int=\count133
\l_tmpa_int=\count134
\l_tmpb_int=\count135
\g_tmpa_int=\count136
\g_tmpb_int=\count137
\g__kernel_prg_map_int=\count138
\c_log_iow=\count139
\l_iow_line_count_int=\count140
\l__iow_line_target_int=\count141
\l__iow_one_indent_int=\count142
\l__iow_indent_int=\count143
\c_zero_dim=\dimen118
\c_max_dim=\dimen119
\l_tmpa_dim=\dimen120
\l_tmpb_dim=\dimen121
\g_tmpa_dim=\dimen122
\g_tmpb_dim=\dimen123
\c_zero_skip=\skip78
\c_max_skip=\skip79
\l_tmpa_skip=\skip80
\l_tmpb_skip=\skip81
\g_tmpa_skip=\skip82
\g_tmpb_skip=\skip83
\c_zero_muskip=\muskip12
\c_max_muskip=\muskip13
\l_tmpa_muskip=\muskip14
\l_tmpb_muskip=\muskip15
\g_tmpa_muskip=\muskip16
\g_tmpb_muskip=\muskip17
\l_keys_choice_int=\count144
\l__intarray_loop_int=\count145
\c__intarray_sp_dim=\dimen124
\g__intarray_font_int=\count146
\c__fp_leading_shift_int=\count147
\c__fp_middle_shift_int=\count148
\c__fp_trailing_shift_int=\count149
\c__fp_big_leading_shift_int=\count150
\c__fp_big_middle_shift_int=\count151
\c__fp_big_trailing_shift_int=\count152
\c__fp_Bigg_leading_shift_int=\count153
\c__fp_Bigg_middle_shift_int=\count154
\c__fp_Bigg_trailing_shift_int=\count155
\c__kernel_randint_max_int=\count156
\g__fp_array_int=\count157
\l__fp_array_loop_int=\count158
\l__sort_length_int=\count159
\l__sort_min_int=\count160
\l__sort_top_int=\count161
\l__sort_max_int=\count162
\l__sort_true_max_int=\count163
\l__sort_block_int=\count164
\l__sort_begin_int=\count165
\l__sort_end_int=\count166
\l__sort_A_int=\count167
\l__sort_B_int=\count168
\l__sort_C_int=\count169
\l__tl_analysis_normal_int=\count170
\l__tl_analysis_index_int=\count171
\l__tl_analysis_nesting_int=\count172
\l__tl_analysis_type_int=\count173
\l__regex_internal_a_int=\count174
\l__regex_internal_b_int=\count175
\l__regex_internal_c_int=\count176
\l__regex_balance_int=\count177
\l__regex_group_level_int=\count178
\l__regex_mode_int=\count179
\c__regex_cs_in_class_mode_int=\count180
\c__regex_cs_mode_int=\count181
\l__regex_catcodes_int=\count182
\l__regex_default_catcodes_int=\count183
\c__regex_catcode_D_int=\count184
\c__regex_catcode_S_int=\count185
\c__regex_catcode_L_int=\count186
\c__regex_catcode_O_int=\count187
\c__regex_catcode_A_int=\count188
\c__regex_all_catcodes_int=\count189
\l__regex_show_lines_int=\count190
\l__regex_min_state_int=\count191
\l__regex_max_state_int=\count192
\l__regex_left_state_int=\count193
\l__regex_right_state_int=\count194
\l__regex_capturing_group_int=\count195
\l__regex_min_pos_int=\count196
\l__regex_max_pos_int=\count197
\l__regex_curr_pos_int=\count198
\l__regex_start_pos_int=\count199
\l__regex_success_pos_int=\count266
\l__regex_curr_char_int=\count267
\l__regex_curr_catcode_int=\count268
\l__regex_last_char_int=\count269
\l__regex_case_changed_char_int=\count270
\l__regex_curr_state_int=\count271
\l__regex_step_int=\count272
\l__regex_min_active_int=\count273
\l__regex_max_active_int=\count274
\l__regex_replacement_csnames_int=\count275
\l__regex_match_count_int=\count276
\l__regex_min_submatch_int=\count277
\l__regex_submatch_int=\count278
\l__regex_zeroth_submatch_int=\count279
\g__regex_trace_regex_int=\count280
\c_empty_box=\box32
\l_tmpa_box=\box33
\l_tmpb_box=\box34
\g_tmpa_box=\box35
\g_tmpb_box=\box36
\l__box_top_dim=\dimen125
\l__box_bottom_dim=\dimen126
\l__box_left_dim=\dimen127
\l__box_right_dim=\dimen128
\l__box_top_new_dim=\dimen129
\l__box_bottom_new_dim=\dimen130
\l__box_left_new_dim=\dimen131
\l__box_right_new_dim=\dimen132
\l__box_internal_box=\box37
\l__coffin_internal_box=\box38
\l__coffin_internal_dim=\dimen133
\l__coffin_offset_x_dim=\dimen134
\l__coffin_offset_y_dim=\dimen135
\l__coffin_x_dim=\dimen136
\l__coffin_y_dim=\dimen137
\l__coffin_x_prime_dim=\dimen138
\l__coffin_y_prime_dim=\dimen139
\c_empty_coffin=\box39
\l__coffin_aligned_coffin=\box40
\l__coffin_aligned_internal_coffin=\box41
\l_tmpa_coffin=\box42
\l_tmpb_coffin=\box43
\g_tmpa_coffin=\box44
\g_tmpb_coffin=\box45
\l__coffin_bounding_shift_dim=\dimen140
\l__coffin_left_corner_dim=\dimen141
\l__coffin_right_corner_dim=\dimen142
\l__coffin_bottom_corner_dim=\dimen143
\l__coffin_top_corner_dim=\dimen144
\l__coffin_scaled_total_height_dim=\dimen145
\l__coffin_scaled_width_dim=\dimen146
\c__coffin_empty_coffin=\box46
\l__coffin_display_coffin=\box47
\l__coffin_display_coord_coffin=\box48
\l__coffin_display_pole_coffin=\box49
\l__coffin_display_offset_dim=\dimen147
\l__coffin_display_x_dim=\dimen148
\l__coffin_display_y_dim=\dimen149
\g__file_internal_ior=\read1
\l__seq_internal_a_int=\count281
\l__seq_internal_b_int=\count282
\c__deprecation_minus_one=\count283
)
(S:\Programming\LaTeX\MiKTeX\tex/latex/l3kernel\l3dvips.def
File: l3dvips.def 2019-03-05 v L3 Experimental driver: dvips
\g__driver_pdf_object_int=\count284
))
(S:\Programming\LaTeX\MiKTeX\tex/latex/l3packages/xparse\xparse.sty
Package: xparse 2019-03-05 L3 Experimental document command parser
\l__xparse_current_arg_int=\count285
\g__xparse_grabber_int=\count286
\l__xparse_m_args_int=\count287
\l__xparse_v_nesting_int=\count288
)
Package: lipsum 2019/01/02 v2.2 150 paragraphs of Lorem Ipsum dummy text

(S:\Programming\LaTeX\MiKTeX\tex/latex/lipsum\lipsum.ltd.tex
File: lipsum.ltd.tex 2019/01/02 v2.2 The Lorem ipsum dummy text
))
(S:\Programming\LaTeX\MiKTeX\tex/latex/mwe\mwe.sty
Package: mwe 2018/03/30 v0.5 Package to support minimal working examples (MWE)

(S:\Programming\LaTeX\MiKTeX\tex/latex/graphics\graphicx.sty
Package: graphicx 2017/06/01 v1.1a Enhanced LaTeX Graphics (DPC,SPQR)

(S:\Programming\LaTeX\MiKTeX\tex/latex/graphics\graphics.sty
Package: graphics 2017/06/25 v1.2c Standard LaTeX Graphics (DPC,SPQR)

(S:\Programming\LaTeX\MiKTeX\tex/latex/graphics\trig.sty
Package: trig 2016/01/03 v1.10 sin cos tan (DPC)
)
(S:\Programming\LaTeX\MiKTeX\tex/latex/graphics-cfg\graphics.cfg
File: graphics.cfg 2016/06/04 v1.11 sample graphics configuration
)
Package graphics Info: Driver file: dvips.def on input line 99.

(S:\Programming\LaTeX\MiKTeX\tex/latex/graphics-def\dvips.def
File: dvips.def 2017/06/20 v3.1d Graphics/color driver for dvips
))
\Gin@req@height=\dimen150
\Gin@req@width=\dimen151
))
(S:\Programming\LaTeX\MiKTeX\tex/latex/biblatex\biblatex.sty
Package: biblatex 2018/11/02 v3.12 programmable bibliographies (PK/MW)

(S:\Programming\LaTeX\MiKTeX\tex/latex/etoolbox\etoolbox.sty
Package: etoolbox 2018/08/19 v2.5f e-TeX tools for LaTeX (JAW)
\etb@tempcnta=\count289
)
(S:\Programming\LaTeX\MiKTeX\tex/latex/logreq\logreq.sty
Package: logreq 2010/08/04 v1.0 xml request logger
\lrq@indent=\count290

(S:\Programming\LaTeX\MiKTeX\tex/latex/logreq\logreq.def
File: logreq.def 2010/08/04 v1.0 logreq spec v1.0
))
(S:\Programming\LaTeX\MiKTeX\tex/latex/base\ifthen.sty
Package: ifthen 2014/09/29 v1.1c Standard LaTeX ifthen package (DPC)
)
\c@tabx@nest=\count291
\c@listtotal=\count292
\c@listcount=\count293
\c@liststart=\count294
\c@liststop=\count295
\c@citecount=\count296
\c@citetotal=\count297
\c@multicitecount=\count298
\c@multicitetotal=\count299
\c@instcount=\count300
\c@maxnames=\count301
\c@minnames=\count302
\c@maxitems=\count303
\c@minitems=\count304
\c@citecounter=\count305
\c@maxcitecounter=\count306
\c@savedcitecounter=\count307
\c@uniquelist=\count308
\c@uniquename=\count309
\c@refsection=\count310
\c@refsegment=\count311
\c@maxextratitle=\count312
\c@maxextratitleyear=\count313
\c@maxextraname=\count314
\c@maxextradate=\count315
\c@maxextraalpha=\count316
\c@abbrvpenalty=\count317
\c@highnamepenalty=\count318
\c@lownamepenalty=\count319
\c@maxparens=\count320
\c@parenlevel=\count321
\blx@tempcnta=\count322
\blx@tempcntb=\count323
\blx@tempcntc=\count324
\blx@maxsection=\count325
\blx@maxsegment@0=\count326
\blx@notetype=\count327
\blx@parenlevel@text=\count328
\blx@parenlevel@foot=\count329
\blx@sectionciteorder@0=\count330
\blx@entrysetcounter=\count331
\labelnumberwidth=\skip84
\labelalphawidth=\skip85
\biblabelsep=\skip86
\bibitemsep=\skip87
\bibnamesep=\skip88
\bibinitsep=\skip89
\bibparsep=\skip90
\bibhang=\skip91
\blx@bcfin=\read2
\blx@bcfout=\write4
\c@mincomprange=\count332
\c@maxcomprange=\count333
\c@mincompwidth=\count334
Package biblatex Info: Trying to load biblatex default data model...
Package biblatex Info: ... file 'blx-dm.def' found.

(S:\Programming\LaTeX\MiKTeX\tex/latex/biblatex\blx-dm.def
File: blx-dm.def 2018/11/02 v3.12 biblatex localization (PK/MW)
)
Package biblatex Info: Trying to load biblatex custom data model...
Package biblatex Info: ... file 'biblatex-dm.cfg' not found.
\c@afterword=\count335
\c@savedafterword=\count336
\c@annotator=\count337
\c@savedannotator=\count338
\c@author=\count339
\c@savedauthor=\count340
\c@bookauthor=\count341
\c@savedbookauthor=\count342
\c@commentator=\count343
\c@savedcommentator=\count344
\c@editor=\count345
\c@savededitor=\count346
\c@editora=\count347
\c@savededitora=\count348
\c@editorb=\count349
\c@savededitorb=\count350
\c@editorc=\count351
\c@savededitorc=\count352
\c@foreword=\count353
\c@savedforeword=\count354
\c@holder=\count355
\c@savedholder=\count356
\c@introduction=\count357
\c@savedintroduction=\count358
\c@namea=\count359
\c@savednamea=\count360
\c@nameb=\count361
\c@savednameb=\count362
\c@namec=\count363
\c@savednamec=\count364
\c@translator=\count365
\c@savedtranslator=\count366
\c@shortauthor=\count367
\c@savedshortauthor=\count368
\c@shorteditor=\count369
\c@savedshorteditor=\count370
\c@labelname=\count371
\c@savedlabelname=\count372
\c@institution=\count373
\c@savedinstitution=\count374
\c@lista=\count375
\c@savedlista=\count376
\c@listb=\count377
\c@savedlistb=\count378
\c@listc=\count379
\c@savedlistc=\count380
\c@listd=\count381
\c@savedlistd=\count382
\c@liste=\count383
\c@savedliste=\count384
\c@listf=\count385
\c@savedlistf=\count386
\c@location=\count387
\c@savedlocation=\count388
\c@organization=\count389
\c@savedorganization=\count390
\c@origlocation=\count391
\c@savedoriglocation=\count392
\c@origpublisher=\count393
\c@savedorigpublisher=\count394
\c@publisher=\count395
\c@savedpublisher=\count396
\c@language=\count397
\c@savedlanguage=\count398
\c@origlanguage=\count399
\c@savedoriglanguage=\count400
\c@pageref=\count401
\c@savedpageref=\count402
\shorthandwidth=\skip92
\shortjournalwidth=\skip93
\shortserieswidth=\skip94
\shorttitlewidth=\skip95
\shortauthorwidth=\skip96
\shorteditorwidth=\skip97
\locallabelnumberwidth=\skip98
\locallabelalphawidth=\skip99
\localshorthandwidth=\skip100
\localshortjournalwidth=\skip101
\localshortserieswidth=\skip102
\localshorttitlewidth=\skip103
\localshortauthorwidth=\skip104
\localshorteditorwidth=\skip105
Package biblatex Info: Trying to load compatibility code...
Package biblatex Info: ... file 'blx-compat.def' found.

(S:\Programming\LaTeX\MiKTeX\tex/latex/biblatex\blx-compat.def
File: blx-compat.def 2018/11/02 v3.12 biblatex compatibility (PK/MW)
)
Package biblatex Info: Trying to load generic definitions...
Package biblatex Info: ... file 'biblatex.def' found.

(S:\Programming\LaTeX\MiKTeX\tex/latex/biblatex\biblatex.def
File: biblatex.def 2018/11/02 v3.12 biblatex compatibility (PK/MW)
\c@textcitecount=\count403
\c@textcitetotal=\count404
\c@textcitemaxnames=\count405
\c@biburlnumpenalty=\count406
\c@biburlucpenalty=\count407
\c@biburllcpenalty=\count408
\c@smartand=\count409
)
Package biblatex Info: Trying to load bibliography style 'numeric'...
Package biblatex Info: ... file 'numeric.bbx' found.

(S:\Programming\LaTeX\MiKTeX\tex/latex/biblatex/bbx\numeric.bbx
File: numeric.bbx 2018/11/02 v3.12 biblatex bibliography style (PK/MW)
Package biblatex Info: Trying to load bibliography style 'standard'...
Package biblatex Info: ... file 'standard.bbx' found.

(S:\Programming\LaTeX\MiKTeX\tex/latex/biblatex/bbx\standard.bbx
File: standard.bbx 2018/11/02 v3.12 biblatex bibliography style (PK/MW)
\c@bbx:relatedcount=\count410
\c@bbx:relatedtotal=\count411
))
Package biblatex Info: Trying to load citation style 'numeric'...
Package biblatex Info: ... file 'numeric.cbx' found.

(S:\Programming\LaTeX\MiKTeX\tex/latex/biblatex/cbx\numeric.cbx
File: numeric.cbx 2018/11/02 v3.12 biblatex citation style (PK/MW)
Package biblatex Info: Redefining '\cite'.
Package biblatex Info: Redefining '\parencite'.
Package biblatex Info: Redefining '\footcite'.
Package biblatex Info: Redefining '\footcitetext'.
Package biblatex Info: Redefining '\smartcite'.
Package biblatex Info: Redefining '\supercite'.
Package biblatex Info: Redefining '\textcite'.
Package biblatex Info: Redefining '\textcites'.
Package biblatex Info: Redefining '\cites'.
Package biblatex Info: Redefining '\parencites'.
Package biblatex Info: Redefining '\smartcites'.
)
Package biblatex Info: Trying to load configuration file...
Package biblatex Info: ... file 'biblatex.cfg' found.

(S:\Programming\LaTeX\MiKTeX\tex/latex/biblatex\biblatex.cfg
File: biblatex.cfg 
))
Package biblatex Info: Trying to load language 'ngerman'...
Package biblatex Info: ... file 'ngerman.lbx' found.

(S:\Programming\LaTeX\MiKTeX\tex/latex/biblatex/lbx\ngerman.lbx
File: ngerman.lbx 2018/11/02 v3.12 biblatex localization (PK/MW)
Package biblatex Info: Trying to load language 'german'...
Package biblatex Info: ... file 'german.lbx' found.

(S:\Programming\LaTeX\MiKTeX\tex/latex/biblatex/lbx\german.lbx
File: german.lbx 2018/11/02 v3.12 biblatex localization (PK/MW)
)
Package biblatex Info: Trying to load language 'german'...
Package biblatex Info: ... file 'german.lbx' found.

(S:\Programming\LaTeX\MiKTeX\tex/latex/biblatex/lbx\german.lbx
File: german.lbx 2018/11/02 v3.12 biblatex localization (PK/MW)
))

Package biblatex Warning: 'babel/polyglossia' detected but 'csquotes' missing.
(biblatex)                Loading 'csquotes' recommended.

\@quotelevel=\count412
\@quotereset=\count413
(Abgabe_Version.aux)
\openout1 = `Abgabe_Version.aux'.

LaTeX Font Info:    Checking defaults for OML/cmm/m/it on input line 26.
LaTeX Font Info:    ... okay on input line 26.
LaTeX Font Info:    Checking defaults for T1/cmr/m/n on input line 26.
LaTeX Font Info:    ... okay on input line 26.
LaTeX Font Info:    Checking defaults for OT1/cmr/m/n on input line 26.
LaTeX Font Info:    ... okay on input line 26.
LaTeX Font Info:    Checking defaults for OMS/cmsy/m/n on input line 26.
LaTeX Font Info:    ... okay on input line 26.
LaTeX Font Info:    Checking defaults for OMX/cmex/m/n on input line 26.
LaTeX Font Info:    ... okay on input line 26.
LaTeX Font Info:    Checking defaults for U/cmr/m/n on input line 26.
LaTeX Font Info:    ... okay on input line 26.
LaTeX Font Info:    Checking defaults for PD1/pdf/m/n on input line 26.
LaTeX Font Info:    ... okay on input line 26.
 ABD: EverySelectfont initializing macros
LaTeX Info: Redefining \selectfont on input line 26.
\AtBeginShipoutBox=\box50
Package hyperref Info: Link coloring OFF on input line 26.

(S:\Programming\LaTeX\MiKTeX\tex/latex/hyperref\nameref.sty
Package: nameref 2016/05/21 v2.44 Cross-referencing by name of section

(S:\Programming\LaTeX\MiKTeX\tex/generic/oberdiek\gettitlestring.sty
Package: gettitlestring 2016/05/16 v1.5 Cleanup title references (HO)
)
\c@section@level=\count414
)
LaTeX Info: Redefining \ref on input line 26.
LaTeX Info: Redefining \pageref on input line 26.
LaTeX Info: Redefining \nameref on input line 26.

(Abgabe_Version.out) (Abgabe_Version.out)
\@outlinefile=\write5
\openout5 = `Abgabe_Version.out'.

Class scrartcl Info: loading recommended package `bookmark'.
(scrartcl)           Using `bookmark' together with `hyperref' is recommended,
(scrartcl)           because of handling of possible bookmark level gaps.
(scrartcl)           You can avoid loading `bookmark' with KOMA-Script option
(scrartcl)           `bookmarkpackage=false' before \begin{document} and
(scrartcl)           you can avoid this message with `\usepackage{bookmark}'
(scrartcl)           before \begin{document} on input line 26.

(S:\Programming\LaTeX\MiKTeX\tex/latex/oberdiek\bookmark.sty
Package: bookmark 2016/05/17 v1.26 PDF bookmarks (HO)

(S:\Programming\LaTeX\MiKTeX\tex/latex/oberdiek\bkm-dvips.def
File: bkm-dvips.def 2016/05/17 v1.26 bookmark driver for dvips (HO)
Package auxhook Info: \AddLineBeginMainAux comes a little late,
(auxhook)             because the main .aux file is already opened on input lin
e 209.
\BKM@id=\count415
))
Package biblatex Info: Input encoding 'utf8' detected.
Package biblatex Info: Automatic encoding selection.
(biblatex)             Assuming data encoding 'utf8'.
\openout4 = `Abgabe_Version.bcf'.

Package biblatex Info: Trying to load bibliographic data...
Package biblatex Info: ... file 'Abgabe_Version.bbl' found.

(Abgabe_Version.bbl)
Package biblatex Info: Reference section=0 on input line 26.
Package biblatex Info: Reference segment=0 on input line 26.
Package scrbase Info: activating ngerman \figurename on input line 26.
LaTeX Font Info:    Try loading font information for T1+cmss on input line 28.
 (S:\Programming\LaTeX\MiKTeX\tex/latex/base\t1cmss.fd
File: t1cmss.fd 2014/09/29 v2.5h Standard LaTeX font definitions
)
LaTeX Font Info:    Try loading font information for U+msa on input line 28.

(S:\Programming\LaTeX\MiKTeX\tex/latex/amsfonts\umsa.fd
File: umsa.fd 2013/01/14 v3.01 AMS symbols A
)
LaTeX Font Info:    Try loading font information for U+msb on input line 28.

(S:\Programming\LaTeX\MiKTeX\tex/latex/amsfonts\umsb.fd
File: umsb.fd 2013/01/14 v3.01 AMS symbols B
)
Underfull \hbox (badness 10000) in paragraph at lines 30--33

 []


Underfull \hbox (badness 10000) in paragraph at lines 30--33

 []


LaTeX Warning: Citation 'wikiart' on page 1 undefined on input line 41.

LaTeX Font Info:    Try loading font information for OMS+cmr on input line 44.
(S:\Programming\LaTeX\MiKTeX\tex/latex/base\omscmr.fd
File: omscmr.fd 2014/09/29 v2.5h Standard LaTeX font definitions
)
LaTeX Font Info:    Font shape `OMS/cmr/m/n' in size <10.95> not available
(Font)              Font shape `OMS/cmsy/m/n' tried instead on input line 44.

Underfull \hbox (badness 10000) in paragraph at lines 58--60

 []

[1


]
Underfull \hbox (badness 7344) in paragraph at lines 69--70
\T1/cmr/m/n/10.95 he auch gol-de-ner
 []


Overfull \hbox (5.57137pt too wide) in paragraph at lines 79--80
[]\T1/cmr/m/n/10.95 Einfachsummenformel| 
 []


Underfull \hbox (badness 10000) in paragraph at lines 109--115

 []


Underfull \hbox (badness 10000) in paragraph at lines 118--119

 []


Underfull \hbox (badness 10000) in paragraph at lines 120--122

 []

[2]
Underfull \hbox (badness 10000) in paragraph at lines 125--126

 []


Underfull \hbox (badness 4353) in paragraph at lines 130--130
  [][][][][]\T1/cmr/m/n/9 Ihrer Wahl - Sie kön-nen auch das Pa-ket mwe la-den u
nd als in in-clu-de-gra-phics den
 []

File: example-image.eps Graphic file (type eps)
<example-image.eps>
Underfull \hbox (badness 10000) in paragraph at lines 142--146

 []


Underfull \hbox (badness 10000) in paragraph at lines 147--151

 []


Underfull \hbox (badness 10000) in paragraph at lines 147--151

 []

[3]
Underfull \hbox (badness 10000) in paragraph at lines 152--156

 []

File: example-image.eps Graphic file (type eps)
<example-image.eps>
File: example-image.eps Graphic file (type eps)
 <example-image.eps>
Overfull \hbox (2.42162pt too wide) in paragraph at lines 158--164
[]$[]$ $[]$ 
 []

(Abgabe_Version.lot)
\tf@lot=\write6
\openout6 = `Abgabe_Version.lot'.

 (Abgabe_Version.lof)
\tf@lof=\write7
\openout7 = `Abgabe_Version.lof'.



LaTeX Warning: Empty bibliography on input line 173.

Package atveryend Info: Empty hook `BeforeClearDocument' on input line 175.
[4]
Package atveryend Info: Executing hook `AfterLastShipout' on input line 175.
\BKM@file=\write8
\openout8 = `Abgabe_Version.out.ps'.

 (Abgabe_Version.aux)
Package atveryend Info: Empty hook `AtVeryEndDocument' on input line 175.
Package atveryend Info: Executing hook `AtEndAfterFileList' on input line 175.
Package rerunfilecheck Info: File `Abgabe_Version.out' has not changed.
(rerunfilecheck)             Checksum: D41D8CD98F00B204E9800998ECF8427E;0.


LaTeX Warning: There were undefined references.


Package biblatex Warning: Please (re)run Biber on the file:
(biblatex)                Abgabe_Version
(biblatex)                and rerun LaTeX afterwards.

Package logreq Info: Writing requests to 'Abgabe_Version.run.xml'.
\openout1 = `Abgabe_Version.run.xml'.

Package atveryend Info: Empty hook `AtVeryVeryEnd' on input line 175.
 ) 
Here is how much of TeX's memory you used:
 25337 strings out of 492946
 460842 string characters out of 3135578
 1107573 words of memory out of 3000000
 29010 multiletter control sequences out of 15000+200000
 553940 words of font info for 82 fonts, out of 3000000 for 9000
 1143 hyphenation exceptions out of 8191
 45i,12n,71p,9095b,2191s stack positions out of 5000i,500n,10000p,200000b,50000s

Output written on Abgabe_Version.dvi (4 pages, 20532 bytes).
